[01m[K/home/mf/Scrivania/2d_normal_lidar_odom/src/exercise/src/normal_tracker.cpp:[m[K In member function â€˜[01m[Kvoid NormalScanTracker::process(const ContainerType&)[m[Kâ€™:
[01m[K/home/mf/Scrivania/2d_normal_lidar_odom/src/exercise/src/normal_tracker.cpp:32:3:[m[K [01;31m[Kerror: [m[Kâ€˜[01m[KNormalFrameToKFDOdometry[m[Kâ€™ was not declared in this scope; did you mean â€˜[01m[KNormalFrameToKFOdometry[m[Kâ€™?
   32 |   [01;31m[KNormalFrameToKFDOdometry[m[K(scan_);
      |   [01;31m[K^~~~~~~~~~~~~~~~~~~~~~~~[m[K
      |   [32m[KNormalFrameToKFOdometry[m[K
make[2]: *** [CMakeFiles/normal_tracker.dir/build.make:63: CMakeFiles/normal_tracker.dir/src/normal_tracker.cpp.o] Errore 1
make[1]: *** [CMakeFiles/Makefile2:263: CMakeFiles/normal_tracker.dir/all] Errore 2
make: *** [Makefile:141: all] Errore 2
