[ 13%] Built target icp
[ 26%] Built target ros_bridge
[ 46%] Built target nicp
[ 60%] Built target tracker
[35m[1mScanning dependencies of target normal_tracker[0m
[35m[1mScanning dependencies of target lidar_icp_node[0m
[ 66%] [32mBuilding CXX object CMakeFiles/normal_tracker.dir/src/normal_tracker.cpp.o[0m
[ 73%] [32mBuilding CXX object CMakeFiles/lidar_icp_node.dir/bin/lidar_icp_node.cpp.o[0m
[01m[K/home/mf/Scrivania/2d_normal_lidar_odom/src/exercise/src/normal_tracker.cpp:[m[K In member function â€˜[01m[Kvoid NormalScanTracker::publishState(ros::Time)[m[Kâ€™:
[01m[K/home/mf/Scrivania/2d_normal_lidar_odom/src/exercise/src/normal_tracker.cpp:132:3:[m[K [01;31m[Kerror: [m[Kâ€˜[01m[Kpublish_Keyframe[m[Kâ€™ was not declared in this scope; did you mean â€˜[01m[KpublishKeyframe[m[Kâ€™?
  132 |   [01;31m[Kpublish_Keyframe[m[K(_X_keyframe_in_map);
      |   [01;31m[K^~~~~~~~~~~~~~~~[m[K
      |   [32m[KpublishKeyframe[m[K
make[2]: *** [CMakeFiles/normal_tracker.dir/build.make:63: CMakeFiles/normal_tracker.dir/src/normal_tracker.cpp.o] Errore 1
make[1]: *** [CMakeFiles/Makefile2:263: CMakeFiles/normal_tracker.dir/all] Errore 2
make[1]: *** Attesa per i processi non terminati....
[ 80%] [32m[1mLinking CXX executable /home/mf/Scrivania/2d_normal_lidar_odom/devel/lib/normal_lidar_odometry/lidar_icp_node[0m
[ 80%] Built target lidar_icp_node
make: *** [Makefile:141: all] Errore 2
