[01m[K/home/mf/Scrivania/2d_normal_lidar_odom/src/exercise/src/normal_tracker.cpp:[m[K In member function â€˜[01m[KEigen::Isometry2f NormalScanTracker::NormalFrameToKFOdometry(Eigen::Isometry2f, const ContainerType&)[m[Kâ€™:
[01m[K/home/mf/Scrivania/2d_normal_lidar_odom/src/exercise/src/normal_tracker.cpp:57:7:[m[K [01;31m[Kerror: [m[Kâ€˜[01m[Ksleep[m[Kâ€™ is not a member of â€˜[01m[Kstd[m[Kâ€™; did you mean â€˜[01m[Ksleep[m[Kâ€™?
   57 |  std::[01;31m[Ksleep[m[K(1000);
      |       [01;31m[K^~~~~[m[K
In file included from [01m[K/usr/include/boost/config/stdlib/libstdcpp3.hpp:78[m[K,
                 from [01m[K/usr/include/boost/config.hpp:49[m[K,
                 from [01m[K/usr/include/boost/math/tools/config.hpp:13[m[K,
                 from [01m[K/usr/include/boost/math/special_functions/round.hpp:13[m[K,
                 from [01m[K/opt/ros/noetic/include/ros/time.h:58[m[K,
                 from [01m[K/opt/ros/noetic/include/ros/ros.h:38[m[K,
                 from [01m[K/home/mf/Scrivania/2d_normal_lidar_odom/src/exercise/include/normal_tracker.h:2[m[K,
                 from [01m[K/home/mf/Scrivania/2d_normal_lidar_odom/src/exercise/src/normal_tracker.cpp:1[m[K:
[01m[K/usr/include/unistd.h:444:21:[m[K [01;36m[Knote: [m[Kâ€˜[01m[Ksleep[m[Kâ€™ declared here
  444 | extern unsigned int [01;36m[Ksleep[m[K (unsigned int __seconds);
      |                     [01;36m[K^~~~~[m[K
make[2]: *** [CMakeFiles/normal_tracker.dir/build.make:63: CMakeFiles/normal_tracker.dir/src/normal_tracker.cpp.o] Errore 1
make[1]: *** [CMakeFiles/Makefile2:263: CMakeFiles/normal_tracker.dir/all] Errore 2
make: *** [Makefile:141: all] Errore 2
