[ 13%] Built target icp
[ 26%] Built target ros_bridge
[ 46%] Built target nicp
[ 60%] Built target tracker
[35m[1mScanning dependencies of target normal_tracker[0m
[ 66%] [32mBuilding CXX object CMakeFiles/normal_tracker.dir/src/normal_tracker.cpp.o[0m
[ 80%] Built target lidar_icp_node
[01m[K/home/mf/Scrivania/2d_normal_lidar_odom/src/exercise/src/normal_tracker.cpp:[m[K In member function â€˜[01m[Kvoid NormalScanTracker::publishState(ros::Time)[m[Kâ€™:
[01m[K/home/mf/Scrivania/2d_normal_lidar_odom/src/exercise/src/normal_tracker.cpp:47:70:[m[K [01;31m[Kerror: [m[Kâ€˜[01m[K_frame_id[m[Kâ€™ was not declared in this scope
   47 |   isometry2transformStamped(_X_keyframe_in_map, tf_msg, FRAME_WORLD, [01;31m[K_frame_id[m[K,
      |                                                                      [01;31m[K^~~~~~~~~[m[K
[01m[K/home/mf/Scrivania/2d_normal_lidar_odom/src/exercise/src/normal_tracker.cpp:51:3:[m[K [01;31m[Kerror: [m[Kâ€˜[01m[K_pub_odom[m[Kâ€™ was not declared in this scope
   51 |   [01;31m[K_pub_odom[m[K.publish(odom_msg);
      |   [01;31m[K^~~~~~~~~[m[K
[01m[K/home/mf/Scrivania/2d_normal_lidar_odom/src/exercise/src/normal_tracker.cpp:52:3:[m[K [01;31m[Kerror: [m[Kâ€˜[01m[K_tf_br[m[Kâ€™ was not declared in this scope
   52 |   [01;31m[K_tf_br[m[K.sendTransform(tf_msg);
      |   [01;31m[K^~~~~~[m[K
make[2]: *** [CMakeFiles/normal_tracker.dir/build.make:63: CMakeFiles/normal_tracker.dir/src/normal_tracker.cpp.o] Errore 1
make[1]: *** [CMakeFiles/Makefile2:263: CMakeFiles/normal_tracker.dir/all] Errore 2
make: *** [Makefile:141: all] Errore 2
