[35m[1mScanning dependencies of target lidar_nicp_node[0m
[ 13%] Built target icp
[ 20%] [32mBuilding CXX object CMakeFiles/lidar_nicp_node.dir/bin/lidar_nicp_node.cpp.o[0m
[ 33%] Built target ros_bridge
[01m[K/home/mf/Scrivania/2d_normal_lidar_odom/src/exercise/bin/lidar_nicp_node.cpp:1:10:[m[K [01;31m[Kfatal error: [m[Kgeometry_msgs/TransformStamped.h: File o directory non esistente
    1 | #include [01;31m[K<geometry_msgs/TransformStamped.h>[m[K
      |          [01;31m[K^~~~~~~~~~~~~~~~~~~~~~~~~~~~~~~~~~[m[K
compilation terminated.
make[2]: *** [CMakeFiles/lidar_nicp_node.dir/build.make:63: CMakeFiles/lidar_nicp_node.dir/bin/lidar_nicp_node.cpp.o] Errore 1
make[1]: *** [CMakeFiles/Makefile2:202: CMakeFiles/lidar_nicp_node.dir/all] Errore 2
make[1]: *** Attesa per i processi non terminati....
[ 53%] Built target nicp
[ 66%] Built target tracker
make: *** [Makefile:141: all] Errore 2
